<?xml version="1.0" encoding="UTF-8"?>
<!-- Generated by org.testng.reporters.JUnitReportReporter -->
<testsuite hostname="DESKTOP-IP1CP8U" failures="0" tests="1" name="com.bhanuEmbroideries.qa.test.login.BELoginUnitTC" time="1.543" errors="0" timestamp="2024-07-19T21:16:50 PDT" skipped="0">
  <testcase classname="com.bhanuEmbroideries.qa.test.login.BELoginUnitTC" name="SubmitEnquiryForm" time="1.543"/>
  <system-out/>
</testsuite> <!-- com.bhanuEmbroideries.qa.test.login.BELoginUnitTC -->
